[debug] > Exec(early(addDefaultCommands), None, None)
[debug] > Exec(addDefaultCommands, None, None)
[debug] > Exec(early(initialize), None, None)
[debug] > Exec(initialize, None, None)
[debug] > Exec(boot, None, None)
[debug] > Exec(writeSbtVersion, None, None)
[debug] > Exec(reload, None, None)
[debug] > Exec(sbtStashOnFailure, None, None)
[debug] > Exec(onFailure loadFailed, None, None)
[debug] > Exec(loadp, None, None)
[info] welcome to sbt 1.5.2 (JetBrains s.r.o. Java 11.0.10)
[debug]       Load.loadUnit: plugins took 84.514534ms
[debug]       Load.loadUnit: defsScala took 0.308824ms
[debug] [Loading] Scanning directory /Users/mirkodimartino/.sbt/1.0/plugins
[debug] [Loading] Found non-root projects 
[debug] [Loading] Done in /Users/mirkodimartino/.sbt/1.0/plugins, returning: ()
[debug] deducing auto plugins based on known facts Set(Atom(sbt.plugins.CorePlugin)) and clauses Clauses(Clause(Atom(sbt.plugins.JvmPlugin),Set(Atom(sbt.plugins.IvyPlugin)))
[debug] Clause(Atom(sbt.ScriptedPlugin),Set(Atom(sbt.plugins.JvmPlugin)))
[debug] Clause(Atom(sbt.plugins.SbtPlugin),Set(Atom(sbt.ScriptedPlugin)))
[debug] Clause(Atom(sbt.plugins.SemanticdbPlugin),Set(Atom(sbt.plugins.JvmPlugin)))
[debug] Clause(Atom(sbt.plugins.JUnitXmlReportPlugin),Set(Atom(sbt.plugins.JvmPlugin)))
[debug] Clause(Atom(sbt.plugins.MiniDependencyTreePlugin),Set(Atom(sbt.plugins.JvmPlugin)))
[debug] Clause(Atom(sbt.plugins.CorePlugin),Set(Atom(sbt.plugins.IvyPlugin)))
[debug] Clause(Atom(sbt.plugins.IvyPlugin),Set(Atom(sbt.plugins.JvmPlugin)))
[debug] Clause(Atom(sbt.plugins.JvmPlugin),Set(Atom(sbt.plugins.SemanticdbPlugin)))
[debug] Clause(Atom(sbt.plugins.JvmPlugin),Set(Atom(sbt.plugins.JUnitXmlReportPlugin)))
[debug] Clause(Atom(sbt.plugins.CorePlugin),Set(Atom(sbt.plugins.Giter8TemplatePlugin)))
[debug] Clause(Atom(sbt.plugins.JvmPlugin),Set(Atom(sbt.plugins.MiniDependencyTreePlugin))))
[debug]   :: deduced result: Matched(sbt.plugins.CorePlugin,sbt.plugins.Giter8TemplatePlugin,sbt.plugins.IvyPlugin,sbt.plugins.JvmPlugin,sbt.plugins.MiniDependencyTreePlugin,sbt.plugins.JUnitXmlReportPlugin,sbt.plugins.SemanticdbPlugin)
[debug] Plugins.deducer#function took 16.524799 ms
[debug]           Load.resolveProject(global-plugins) took 48.885626ms
[debug]         Load.loadTransitive: finalizeProject(Project(id global-plugins, base: /Users/mirkodimartino/.sbt/1.0/plugins, plugins: List(<none>))) took 101.181559ms
[debug] [Loading] Done in /Users/mirkodimartino/.sbt/1.0/plugins, returning: (global-plugins)
[debug]       Load.loadUnit: loadedProjectsRaw took 122.07655ms
[debug]       Load.loadUnit: cleanEvalClasses took 0.252426ms
[debug]     Load.loadUnit(file:/Users/mirkodimartino/.sbt/1.0/plugins/, ...) took 216.009844ms
[debug]   Load.apply: load took 432.262609ms
[debug]   Load.apply: resolveProjects took 6.201857ms
[debug]   Load.apply: finalTransforms took 57.198262ms
[debug]   Load.apply: config.delegates took 6.176411ms
[debug]   Load.apply: Def.make(settings)... took 289.783523ms
[debug]   Load.apply: structureIndex took 67.580596ms
[debug]   Load.apply: mkStreams took 1.342682ms
[info] loading global plugins from /Users/mirkodimartino/.sbt/1.0/plugins
[debug] Running task... Cancel: Signal, check cycles: false, forcegc: true
[debug] Load.defaultLoad until apply took 2080.34756ms
[debug]           Load.loadUnit: plugins took 16.602482ms
[debug]           Load.loadUnit: defsScala took 0.003793ms
[debug] [Loading] Scanning directory /Users/mirkodimartino/Workspace/bgc/project
[debug] [Loading] Found non-root projects 
[debug] [Loading] Done in /Users/mirkodimartino/Workspace/bgc/project, returning: ()
[debug] deducing auto plugins based on known facts Set(Atom(sbt.plugins.CorePlugin)) and clauses Clauses(Clause(Atom(sbt.plugins.JvmPlugin),Set(Atom(sbt.plugins.IvyPlugin)))
[debug] Clause(Atom(sbt.ScriptedPlugin),Set(Atom(sbt.plugins.JvmPlugin)))
[debug] Clause(Atom(sbt.plugins.SbtPlugin),Set(Atom(sbt.ScriptedPlugin)))
[debug] Clause(Atom(sbt.plugins.SemanticdbPlugin),Set(Atom(sbt.plugins.JvmPlugin)))
[debug] Clause(Atom(sbt.plugins.JUnitXmlReportPlugin),Set(Atom(sbt.plugins.JvmPlugin)))
[debug] Clause(Atom(sbt.plugins.MiniDependencyTreePlugin),Set(Atom(sbt.plugins.JvmPlugin)))
[debug] Clause(Atom(sbt.plugins.CorePlugin),Set(Atom(sbt.plugins.IvyPlugin)))
[debug] Clause(Atom(sbt.plugins.IvyPlugin),Set(Atom(sbt.plugins.JvmPlugin)))
[debug] Clause(Atom(sbt.plugins.JvmPlugin),Set(Atom(sbt.plugins.SemanticdbPlugin)))
[debug] Clause(Atom(sbt.plugins.JvmPlugin),Set(Atom(sbt.plugins.JUnitXmlReportPlugin)))
[debug] Clause(Atom(sbt.plugins.CorePlugin),Set(Atom(sbt.plugins.Giter8TemplatePlugin)))
[debug] Clause(Atom(sbt.plugins.JvmPlugin),Set(Atom(sbt.plugins.MiniDependencyTreePlugin))))
[debug]   :: deduced result: Matched(sbt.plugins.CorePlugin,sbt.plugins.Giter8TemplatePlugin,sbt.plugins.IvyPlugin,sbt.plugins.JvmPlugin,sbt.plugins.MiniDependencyTreePlugin,sbt.plugins.JUnitXmlReportPlugin,sbt.plugins.SemanticdbPlugin)
[debug] Plugins.deducer#function took 1.845619 ms
[debug]               Load.resolveProject(bgc-build) took 0.998611ms
[debug]             Load.loadTransitive: finalizeProject(Project(id bgc-build, base: /Users/mirkodimartino/Workspace/bgc/project, plugins: List(<none>))) took 3.329415ms
[debug] [Loading] Done in /Users/mirkodimartino/Workspace/bgc/project, returning: (bgc-build)
[debug]           Load.loadUnit: loadedProjectsRaw took 4.808093ms
[debug]           Load.loadUnit: cleanEvalClasses took 0.019885ms
[debug]         Load.loadUnit(file:/Users/mirkodimartino/Workspace/bgc/project/, ...) took 22.045854ms
[debug]       Load.apply: load took 23.099196ms
[debug]       Load.apply: resolveProjects took 0.104293ms
[debug]       Load.apply: finalTransforms took 9.182362ms
[debug]       Load.apply: config.delegates took 0.373333ms
[debug]       Load.apply: Def.make(settings)... took 66.506108ms
[debug]       Load.apply: structureIndex took 21.914712ms
[debug]       Load.apply: mkStreams took 0.002347ms
[info] loading project definition from /Users/mirkodimartino/Workspace/bgc/project
[debug] Running task... Cancel: Signal, check cycles: false, forcegc: true
[debug]     Load.loadUnit: plugins took 230.39158ms
[debug]     Load.loadUnit: defsScala took 0.003289ms
[debug] [Loading] Scanning directory /Users/mirkodimartino/Workspace/bgc
[debug]       Load.loadUnit: mkEval took 7.440755ms
[debug] [Loading] Found non-root projects 
[debug] [Loading] Done in /Users/mirkodimartino/Workspace/bgc, returning: ()
[debug] deducing auto plugins based on known facts Set(Atom(sbt.plugins.CorePlugin)) and clauses Clauses(Clause(Atom(sbt.plugins.JvmPlugin),Set(Atom(sbt.plugins.IvyPlugin)))
[debug] Clause(Atom(sbt.ScriptedPlugin),Set(Atom(sbt.plugins.JvmPlugin)))
[debug] Clause(Atom(sbt.plugins.SbtPlugin),Set(Atom(sbt.ScriptedPlugin)))
[debug] Clause(Atom(sbt.plugins.SemanticdbPlugin),Set(Atom(sbt.plugins.JvmPlugin)))
[debug] Clause(Atom(sbt.plugins.JUnitXmlReportPlugin),Set(Atom(sbt.plugins.JvmPlugin)))
[debug] Clause(Atom(sbt.plugins.MiniDependencyTreePlugin),Set(Atom(sbt.plugins.JvmPlugin)))
[debug] Clause(Atom(sbt.plugins.CorePlugin),Set(Atom(sbt.plugins.IvyPlugin)))
[debug] Clause(Atom(sbt.plugins.IvyPlugin),Set(Atom(sbt.plugins.JvmPlugin)))
[debug] Clause(Atom(sbt.plugins.JvmPlugin),Set(Atom(sbt.plugins.SemanticdbPlugin)))
[debug] Clause(Atom(sbt.plugins.JvmPlugin),Set(Atom(sbt.plugins.JUnitXmlReportPlugin)))
[debug] Clause(Atom(sbt.plugins.CorePlugin),Set(Atom(sbt.plugins.Giter8TemplatePlugin)))
[debug] Clause(Atom(sbt.plugins.JvmPlugin),Set(Atom(sbt.plugins.MiniDependencyTreePlugin))))
[debug]   :: deduced result: Matched(sbt.plugins.CorePlugin,sbt.plugins.Giter8TemplatePlugin,sbt.plugins.IvyPlugin,sbt.plugins.JvmPlugin,sbt.plugins.MiniDependencyTreePlugin,sbt.plugins.JUnitXmlReportPlugin,sbt.plugins.SemanticdbPlugin)
[debug] Plugins.deducer#function took 1.432249 ms
[info] loading settings for project bgc from build.sbt ...
[debug]         Load.resolveProject(bgc) took 2.65004ms
[debug]       Load.loadTransitive: finalizeProject(Project(id bgc, base: /Users/mirkodimartino/Workspace/bgc, plugins: List(<none>))) took 4.545998ms
[debug] [Loading] Done in /Users/mirkodimartino/Workspace/bgc, returning: (bgc)
[debug]     Load.loadUnit: loadedProjectsRaw took 1319.273335ms
[debug]     Load.loadUnit: cleanEvalClasses took 7.106847ms
[debug]   Load.loadUnit(file:/Users/mirkodimartino/Workspace/bgc/, ...) took 1557.424907ms
[debug] Load.apply: load took 1558.524954ms
[debug] Load.apply: resolveProjects took 0.088004ms
[debug] Load.apply: finalTransforms took 7.143334ms
[debug] Load.apply: config.delegates took 0.287025ms
[debug] Load.apply: Def.make(settings)... took 75.600674ms
[debug] Load.apply: structureIndex took 17.595108ms
[debug] Load.apply: mkStreams took 0.002044ms
[info] set current project to hello-world (in build file:/Users/mirkodimartino/Workspace/bgc/)
[debug] > Exec(sbtPopOnFailure, None, None)
[debug] > Exec(resumeFromFailure, None, None)
[debug] > Exec(notifyUsersAboutShell, None, None)
[debug] > Exec(iflast shell, None, None)
[debug] > Exec(shell, None, None)
[info] sbt server started at local:///Users/mirkodimartino/.sbt/1.0/server/c317ee785fce858694f4/sock
[debug] Writing bsp connection file
[info] started sbt server
